<?xml version="1.0" encoding="UTF-8"?>
<testsuite xmlns:xsi="http://www.w3.org/2001/XMLSchema-instance" xsi:noNamespaceSchemaLocation="https://maven.apache.org/surefire/maven-surefire-plugin/xsd/surefire-test-report.xsd" name="ru.neoflex.practice.controller.CalcControllerTest" time="8.98" tests="2" errors="0" skipped="0" failures="0">
  <properties>
[...]
</properties>
  <testcase name="testCalculateDifference" classname="ru.neoflex.practice.controller.CalcControllerTest" time="0.949"/>
  <testcase name="testCalculateSum" classname="ru.neoflex.practice.controller.CalcControllerTest" time="0.02"/>
</testsuite>